<?xml version="1.0" encoding="UTF-8"?>
<!-- Generated by org.testng.reporters.JUnitXMLReporter -->
<testsuite ignored="0" hostname="LAPTOP-DT4QU3AG" failures="3" tests="3" name="Test" time="0.05" errors="0" timestamp="2023-04-03T13:38:56 IST">
  <testcase classname="test.com.Program1" name="m3" time="0.0">
    <failure type="org.testng.TestNGException" message="
Cannot inject @Test annotated Method [m3] with [class [Ljava.lang.String;].
For more information on native dependency injection please refer to https://testng.org/doc/documentation-main.html#native-dependency-injection">
      <![CDATA[org.testng.TestNGException: 
Cannot inject @Test annotated Method [m3] with [class [Ljava.lang.String;].
For more information on native dependency injection please refer to https://testng.org/doc/documentation-main.html#native-dependency-injection
at java.base/java.util.ArrayList.forEach(ArrayList.java:1511)
... Removed 26 stack frames]]>
    </failure>
  </testcase> <!-- m3 -->
  <testcase classname="test.com.CreateAccount" name="m2" time="0.0">
    <failure type="org.testng.TestNGException" message="
Cannot inject @Test annotated Method [m2] with [class [Ljava.lang.String;].
For more information on native dependency injection please refer to https://testng.org/doc/documentation-main.html#native-dependency-injection">
      <![CDATA[org.testng.TestNGException: 
Cannot inject @Test annotated Method [m2] with [class [Ljava.lang.String;].
For more information on native dependency injection please refer to https://testng.org/doc/documentation-main.html#native-dependency-injection
at java.base/java.util.ArrayList.forEach(ArrayList.java:1511)
... Removed 26 stack frames]]>
    </failure>
  </testcase> <!-- m2 -->
  <testcase classname="test.com.ChangeStatus" name="m1" time="0.0">
    <failure type="org.testng.TestNGException" message="
Cannot inject @Test annotated Method [m1] with [class [Ljava.lang.String;].
For more information on native dependency injection please refer to https://testng.org/doc/documentation-main.html#native-dependency-injection">
      <![CDATA[org.testng.TestNGException: 
Cannot inject @Test annotated Method [m1] with [class [Ljava.lang.String;].
For more information on native dependency injection please refer to https://testng.org/doc/documentation-main.html#native-dependency-injection
at java.base/java.util.ArrayList.forEach(ArrayList.java:1511)
... Removed 26 stack frames]]>
    </failure>
  </testcase> <!-- m1 -->
</testsuite> <!-- Test -->
