<?xml version="1.0" encoding="UTF-8"?>
<testng-results ignored="0" total="1" passed="1" failed="0" skipped="0">
  <reporter-output>
  </reporter-output>
  <suite started-at="2023-04-13T12:19:17 IST" name="Default suite" finished-at="2023-04-13T12:19:40 IST" duration-ms="23042">
    <groups>
    </groups>
    <test started-at="2023-04-13T12:19:17 IST" name="Default test" finished-at="2023-04-13T12:19:40 IST" duration-ms="23042">
      <class name="test.com.ChangeStatus">
        <test-method signature="m1Test()[pri:0, instance:test.com.ChangeStatus@8f2ef19]" started-at="2023-04-13T12:19:17 IST" name="m1Test" finished-at="2023-04-13T12:19:40 IST" duration-ms="23001" status="PASS">
          <reporter-output>
          </reporter-output>
        </test-method> <!-- m1Test -->
      </class> <!-- test.com.ChangeStatus -->
    </test> <!-- Default test -->
  </suite> <!-- Default suite -->
</testng-results>
