<?xml version="1.0" encoding="UTF-8"?>
<testng-results ignored="0" total="1" passed="1" failed="0" skipped="0">
  <reporter-output>
  </reporter-output>
  <suite started-at="2023-04-21T23:17:02 IST" name="Default suite" finished-at="2023-04-21T23:17:24 IST" duration-ms="21409">
    <groups>
    </groups>
    <test started-at="2023-04-21T23:17:02 IST" name="Default test" finished-at="2023-04-21T23:17:24 IST" duration-ms="21409">
      <class name="test.com.Program1Test">
        <test-method signature="m3Test()[pri:0, instance:test.com.Program1Test@8f2ef19]" started-at="2023-04-21T23:17:02 IST" name="m3Test" finished-at="2023-04-21T23:17:24 IST" duration-ms="21372" status="PASS">
          <reporter-output>
          </reporter-output>
        </test-method> <!-- m3Test -->
      </class> <!-- test.com.Program1Test -->
    </test> <!-- Default test -->
  </suite> <!-- Default suite -->
</testng-results>
